::1 - - [13/Nov/2018:16:10:51 +0000] "POST /api/users/login HTTP/1.1" 200 199 "-" "Mozilla/5.0 (X11; Linux x86_64) AppleWebKit/537.36 (KHTML, like Gecko) Chrome/70.0.3538.77 Safari/537.36"
::1 - - [13/Nov/2018:16:10:53 +0000] "POST /api/users/login HTTP/1.1" 200 199 "-" "Mozilla/5.0 (X11; Linux x86_64) AppleWebKit/537.36 (KHTML, like Gecko) Chrome/70.0.3538.77 Safari/537.36"
::1 - - [13/Nov/2018:16:11:03 +0000] "POST /api/users/login HTTP/1.1" 200 199 "-" "Mozilla/5.0 (X11; Linux x86_64) AppleWebKit/537.36 (KHTML, like Gecko) Chrome/70.0.3538.77 Safari/537.36"
::1 - - [13/Nov/2018:16:11:04 +0000] "POST /api/users/login HTTP/1.1" 200 199 "-" "Mozilla/5.0 (X11; Linux x86_64) AppleWebKit/537.36 (KHTML, like Gecko) Chrome/70.0.3538.77 Safari/537.36"
::1 - - [13/Nov/2018:16:21:23 +0000] "GET /api/users/test HTTP/1.1" 500 63 "-" "Mozilla/5.0 (X11; Linux x86_64) AppleWebKit/537.36 (KHTML, like Gecko) Chrome/70.0.3538.77 Safari/537.36"
::1 - - [13/Nov/2018:16:21:39 +0000] "GET /api/users/test HTTP/1.1" 500 63 "-" "Mozilla/5.0 (X11; Linux x86_64) AppleWebKit/537.36 (KHTML, like Gecko) Chrome/70.0.3538.77 Safari/537.36"
::1 - - [13/Nov/2018:16:24:56 +0000] "GET /api/users/test HTTP/1.1" 401 - "-" "Mozilla/5.0 (X11; Linux x86_64) AppleWebKit/537.36 (KHTML, like Gecko) Chrome/70.0.3538.77 Safari/537.36"
::1 - - [13/Nov/2018:16:25:25 +0000] "GET /api/users/test HTTP/1.1" 401 - "-" "Mozilla/5.0 (X11; Linux x86_64) AppleWebKit/537.36 (KHTML, like Gecko) Chrome/70.0.3538.77 Safari/537.36"
::1 - - [13/Nov/2018:16:26:03 +0000] "GET /api/users/test HTTP/1.1" 401 - "-" "Mozilla/5.0 (X11; Linux x86_64) AppleWebKit/537.36 (KHTML, like Gecko) Chrome/70.0.3538.77 Safari/537.36"
::1 - - [13/Nov/2018:16:26:12 +0000] "GET /api/users/test HTTP/1.1" 401 - "-" "Mozilla/5.0 (X11; Linux x86_64) AppleWebKit/537.36 (KHTML, like Gecko) Chrome/70.0.3538.77 Safari/537.36"
::1 - - [13/Nov/2018:16:26:54 +0000] "GET /api/users/test HTTP/1.1" 200 130 "-" "Mozilla/5.0 (X11; Linux x86_64) AppleWebKit/537.36 (KHTML, like Gecko) Chrome/70.0.3538.77 Safari/537.36"
::1 - - [13/Nov/2018:18:50:34 +0000] "GET /api-docs/ HTTP/1.1" 304 - "-" "Mozilla/5.0 (X11; Linux x86_64) AppleWebKit/537.36 (KHTML, like Gecko) Chrome/70.0.3538.77 Safari/537.36"
::1 - - [13/Nov/2018:18:50:34 +0000] "GET /api-docs/swagger-ui.css HTTP/1.1" 200 153554 "http://localhost:3000/api-docs/" "Mozilla/5.0 (X11; Linux x86_64) AppleWebKit/537.36 (KHTML, like Gecko) Chrome/70.0.3538.77 Safari/537.36"
::1 - - [13/Nov/2018:18:50:34 +0000] "GET /api-docs/swagger-ui-bundle.js HTTP/1.1" 200 939878 "http://localhost:3000/api-docs/" "Mozilla/5.0 (X11; Linux x86_64) AppleWebKit/537.36 (KHTML, like Gecko) Chrome/70.0.3538.77 Safari/537.36"
::1 - - [13/Nov/2018:18:50:34 +0000] "GET /api-docs/swagger-ui-init.js HTTP/1.1" 304 - "http://localhost:3000/api-docs/" "Mozilla/5.0 (X11; Linux x86_64) AppleWebKit/537.36 (KHTML, like Gecko) Chrome/70.0.3538.77 Safari/537.36"
::1 - - [13/Nov/2018:18:50:34 +0000] "GET /api-docs/swagger-ui-standalone-preset.js HTTP/1.1" 200 305885 "http://localhost:3000/api-docs/" "Mozilla/5.0 (X11; Linux x86_64) AppleWebKit/537.36 (KHTML, like Gecko) Chrome/70.0.3538.77 Safari/537.36"
::1 - - [13/Nov/2018:18:59:13 +0000] "GET /api/users/test HTTP/1.1" 200 130 "-" "Mozilla/5.0 (X11; Linux x86_64) AppleWebKit/537.36 (KHTML, like Gecko) Chrome/70.0.3538.77 Safari/537.36"
::1 - - [13/Nov/2018:19:02:18 +0000] "GET /api/invoices?page=1&perpage=5&sortField=item&sortDirection=asc HTTP/1.1" 401 - "-" "Mozilla/5.0 (X11; Linux x86_64) AppleWebKit/537.36 (KHTML, like Gecko) Chrome/70.0.3538.77 Safari/537.36"
::1 - - [13/Nov/2018:19:02:32 +0000] "GET /api/invoices?page=1&perpage=5&sortField=item&sortDirection=asc HTTP/1.1" 401 - "-" "Mozilla/5.0 (X11; Linux x86_64) AppleWebKit/537.36 (KHTML, like Gecko) Chrome/70.0.3538.77 Safari/537.36"
::1 - - [13/Nov/2018:19:02:46 +0000] "GET /api/invoices?page=1&perpage=5&sortField=item&sortDirection=asc HTTP/1.1" 200 984 "-" "Mozilla/5.0 (X11; Linux x86_64) AppleWebKit/537.36 (KHTML, like Gecko) Chrome/70.0.3538.77 Safari/537.36"
::1 - - [13/Nov/2018:19:04:22 +0000] "GET /api/invoices/?page=1&perpage=10&sortField=undefined&sortDirection=&filter= HTTP/1.1" 401 - "http://localhost:4200/dashboard/invoices" "Mozilla/5.0 (X11; Linux x86_64) AppleWebKit/537.36 (KHTML, like Gecko) Chrome/70.0.3538.77 Safari/537.36"
::1 - - [13/Nov/2018:19:06:56 +0000] "GET /api/invoices/?page=1&perpage=10&sortField=undefined&sortDirection=&filter= HTTP/1.1" 401 - "http://localhost:4200/dashboard/invoices" "Mozilla/5.0 (X11; Linux x86_64) AppleWebKit/537.36 (KHTML, like Gecko) Chrome/70.0.3538.77 Safari/537.36"
::1 - - [13/Nov/2018:19:11:49 +0000] "GET /api/invoices/?page=1&perpage=10&sortField=undefined&sortDirection=&filter= HTTP/1.1" 401 - "http://localhost:4200/dashboard/invoices" "Mozilla/5.0 (X11; Linux x86_64) AppleWebKit/537.36 (KHTML, like Gecko) Chrome/70.0.3538.77 Safari/537.36"
::1 - - [13/Nov/2018:19:53:23 +0000] "OPTIONS /api/users/login HTTP/1.1" 204 0 "-" "Mozilla/5.0 (X11; Linux x86_64) AppleWebKit/537.36 (KHTML, like Gecko) Chrome/70.0.3538.77 Safari/537.36"
::1 - - [13/Nov/2018:19:53:24 +0000] "POST /api/users/login HTTP/1.1" 400 239 "http://localhost:4200/login" "Mozilla/5.0 (X11; Linux x86_64) AppleWebKit/537.36 (KHTML, like Gecko) Chrome/70.0.3538.77 Safari/537.36"
::1 - - [13/Nov/2018:19:55:07 +0000] "OPTIONS /api//login HTTP/1.1" 204 0 "-" "Mozilla/5.0 (X11; Linux x86_64) AppleWebKit/537.36 (KHTML, like Gecko) Chrome/70.0.3538.77 Safari/537.36"
::1 - - [13/Nov/2018:19:55:07 +0000] "POST /api//login HTTP/1.1" 404 38 "http://localhost:4200/login" "Mozilla/5.0 (X11; Linux x86_64) AppleWebKit/537.36 (KHTML, like Gecko) Chrome/70.0.3538.77 Safari/537.36"
::1 - - [13/Nov/2018:19:56:19 +0000] "OPTIONS /api//users/login HTTP/1.1" 204 0 "-" "Mozilla/5.0 (X11; Linux x86_64) AppleWebKit/537.36 (KHTML, like Gecko) Chrome/70.0.3538.77 Safari/537.36"
::1 - - [13/Nov/2018:19:56:19 +0000] "POST /api//users/login HTTP/1.1" 400 242 "http://localhost:4200/login" "Mozilla/5.0 (X11; Linux x86_64) AppleWebKit/537.36 (KHTML, like Gecko) Chrome/70.0.3538.77 Safari/537.36"
::1 - - [13/Nov/2018:19:57:05 +0000] "OPTIONS /api/users/login HTTP/1.1" 204 0 "-" "Mozilla/5.0 (X11; Linux x86_64) AppleWebKit/537.36 (KHTML, like Gecko) Chrome/70.0.3538.77 Safari/537.36"
::1 - - [13/Nov/2018:19:57:05 +0000] "POST /api/users/login HTTP/1.1" 400 244 "http://localhost:4200/login" "Mozilla/5.0 (X11; Linux x86_64) AppleWebKit/537.36 (KHTML, like Gecko) Chrome/70.0.3538.77 Safari/537.36"
::1 - - [13/Nov/2018:19:57:21 +0000] "OPTIONS /api/users/login HTTP/1.1" 204 0 "-" "Mozilla/5.0 (X11; Linux x86_64) AppleWebKit/537.36 (KHTML, like Gecko) Chrome/70.0.3538.77 Safari/537.36"
::1 - - [13/Nov/2018:19:57:21 +0000] "POST /api/users/login HTTP/1.1" 403 32 "http://localhost:4200/login" "Mozilla/5.0 (X11; Linux x86_64) AppleWebKit/537.36 (KHTML, like Gecko) Chrome/70.0.3538.77 Safari/537.36"
::1 - - [13/Nov/2018:19:57:26 +0000] "OPTIONS /api/users/login HTTP/1.1" 204 0 "-" "Mozilla/5.0 (X11; Linux x86_64) AppleWebKit/537.36 (KHTML, like Gecko) Chrome/70.0.3538.77 Safari/537.36"
::1 - - [13/Nov/2018:19:57:26 +0000] "POST /api/users/login HTTP/1.1" 200 199 "http://localhost:4200/login" "Mozilla/5.0 (X11; Linux x86_64) AppleWebKit/537.36 (KHTML, like Gecko) Chrome/70.0.3538.77 Safari/537.36"
::1 - - [13/Nov/2018:20:05:41 +0000] "OPTIONS /api/users/login HTTP/1.1" 204 0 "-" "Mozilla/5.0 (X11; Linux x86_64) AppleWebKit/537.36 (KHTML, like Gecko) Chrome/70.0.3538.77 Safari/537.36"
::1 - - [13/Nov/2018:20:05:41 +0000] "POST /api/users/login HTTP/1.1" 200 199 "http://localhost:4200/login" "Mozilla/5.0 (X11; Linux x86_64) AppleWebKit/537.36 (KHTML, like Gecko) Chrome/70.0.3538.77 Safari/537.36"
::1 - - [13/Nov/2018:20:07:02 +0000] "OPTIONS /api/users/login HTTP/1.1" 204 0 "-" "Mozilla/5.0 (X11; Linux x86_64) AppleWebKit/537.36 (KHTML, like Gecko) Chrome/70.0.3538.77 Safari/537.36"
::1 - - [13/Nov/2018:20:07:02 +0000] "POST /api/users/login HTTP/1.1" 200 199 "http://localhost:4200/login" "Mozilla/5.0 (X11; Linux x86_64) AppleWebKit/537.36 (KHTML, like Gecko) Chrome/70.0.3538.77 Safari/537.36"
::1 - - [13/Nov/2018:20:07:03 +0000] "GET /api/invoices/?page=1&perpage=10&sortField=undefined&sortDirection=&filter= HTTP/1.1" 401 - "http://localhost:4200/dashboard/invoices" "Mozilla/5.0 (X11; Linux x86_64) AppleWebKit/537.36 (KHTML, like Gecko) Chrome/70.0.3538.77 Safari/537.36"
::1 - - [13/Nov/2018:20:24:28 +0000] "GET /api/invoices/?page=1&perpage=10&sortField=undefined&sortDirection=&filter= HTTP/1.1" 401 - "http://localhost:4200/dashboard/invoices" "Mozilla/5.0 (X11; Linux x86_64) AppleWebKit/537.36 (KHTML, like Gecko) Chrome/70.0.3538.77 Safari/537.36"
::1 - - [13/Nov/2018:20:26:11 +0000] "GET /api/invoices/?page=1&perpage=10&sortField=undefined&sortDirection=&filter= HTTP/1.1" 401 - "http://localhost:4200/dashboard/invoices" "Mozilla/5.0 (X11; Linux x86_64) AppleWebKit/537.36 (KHTML, like Gecko) Chrome/70.0.3538.77 Safari/537.36"
::1 - - [13/Nov/2018:20:26:54 +0000] "GET /api/invoices/?page=1&perpage=10&sortField=undefined&sortDirection=&filter= HTTP/1.1" 401 - "http://localhost:4200/dashboard/invoices" "Mozilla/5.0 (X11; Linux x86_64) AppleWebKit/537.36 (KHTML, like Gecko) Chrome/70.0.3538.77 Safari/537.36"
::1 - - [13/Nov/2018:20:27:01 +0000] "GET /api/invoices/?page=1&perpage=10&sortField=undefined&sortDirection=&filter= HTTP/1.1" 401 - "http://localhost:4200/dashboard/invoices" "Mozilla/5.0 (X11; Linux x86_64) AppleWebKit/537.36 (KHTML, like Gecko) Chrome/70.0.3538.77 Safari/537.36"
::1 - - [13/Nov/2018:20:27:29 +0000] "GET /api/invoices/?page=1&perpage=10&sortField=undefined&sortDirection=&filter= HTTP/1.1" 401 - "http://localhost:4200/dashboard/invoices" "Mozilla/5.0 (X11; Linux x86_64) AppleWebKit/537.36 (KHTML, like Gecko) Chrome/70.0.3538.77 Safari/537.36"
::1 - - [13/Nov/2018:20:32:03 +0000] "OPTIONS /api/users/login HTTP/1.1" 204 0 "-" "Mozilla/5.0 (X11; Linux x86_64) AppleWebKit/537.36 (KHTML, like Gecko) Chrome/70.0.3538.77 Safari/537.36"
::1 - - [13/Nov/2018:20:32:03 +0000] "POST /api/users/login HTTP/1.1" 200 199 "http://localhost:4200/login" "Mozilla/5.0 (X11; Linux x86_64) AppleWebKit/537.36 (KHTML, like Gecko) Chrome/70.0.3538.77 Safari/537.36"
::1 - - [13/Nov/2018:20:32:04 +0000] "OPTIONS /api/invoices/?page=1&perpage=10&sortField=undefined&sortDirection=&filter= HTTP/1.1" 204 0 "-" "Mozilla/5.0 (X11; Linux x86_64) AppleWebKit/537.36 (KHTML, like Gecko) Chrome/70.0.3538.77 Safari/537.36"
::1 - - [13/Nov/2018:20:32:04 +0000] "GET /api/invoices/?page=1&perpage=10&sortField=undefined&sortDirection=&filter= HTTP/1.1" 401 - "http://localhost:4200/dashboard/invoices" "Mozilla/5.0 (X11; Linux x86_64) AppleWebKit/537.36 (KHTML, like Gecko) Chrome/70.0.3538.77 Safari/537.36"
::1 - - [13/Nov/2018:20:32:49 +0000] "OPTIONS /api/invoices/?page=1&perpage=10&sortField=undefined&sortDirection=&filter= HTTP/1.1" 204 0 "-" "Mozilla/5.0 (X11; Linux x86_64) AppleWebKit/537.36 (KHTML, like Gecko) Chrome/70.0.3538.77 Safari/537.36"
::1 - - [13/Nov/2018:20:32:49 +0000] "GET /api/invoices/?page=1&perpage=10&sortField=undefined&sortDirection=&filter= HTTP/1.1" 401 - "http://localhost:4200/dashboard/invoices" "Mozilla/5.0 (X11; Linux x86_64) AppleWebKit/537.36 (KHTML, like Gecko) Chrome/70.0.3538.77 Safari/537.36"
::1 - - [13/Nov/2018:20:33:13 +0000] "OPTIONS /api/invoices/?page=1&perpage=10&sortField=undefined&sortDirection=&filter= HTTP/1.1" 204 0 "-" "Mozilla/5.0 (X11; Linux x86_64) AppleWebKit/537.36 (KHTML, like Gecko) Chrome/70.0.3538.77 Safari/537.36"
::1 - - [13/Nov/2018:20:33:13 +0000] "GET /api/invoices/?page=1&perpage=10&sortField=undefined&sortDirection=&filter= HTTP/1.1" 304 - "http://localhost:4200/dashboard/invoices" "Mozilla/5.0 (X11; Linux x86_64) AppleWebKit/537.36 (KHTML, like Gecko) Chrome/70.0.3538.77 Safari/537.36"
::1 - - [13/Nov/2018:20:33:23 +0000] "OPTIONS /api/invoices/?page=1&perpage=10&sortField=undefined&sortDirection=&filter= HTTP/1.1" 204 0 "-" "Mozilla/5.0 (X11; Linux x86_64) AppleWebKit/537.36 (KHTML, like Gecko) Chrome/70.0.3538.77 Safari/537.36"
::1 - - [13/Nov/2018:20:33:23 +0000] "GET /api/invoices/?page=1&perpage=10&sortField=undefined&sortDirection=&filter= HTTP/1.1" 304 - "http://localhost:4200/dashboard/invoices" "Mozilla/5.0 (X11; Linux x86_64) AppleWebKit/537.36 (KHTML, like Gecko) Chrome/70.0.3538.77 Safari/537.36"
::1 - - [13/Nov/2018:20:34:55 +0000] "OPTIONS /api/invoices/5be68898c7c5e0409068f291 HTTP/1.1" 204 0 "-" "Mozilla/5.0 (X11; Linux x86_64) AppleWebKit/537.36 (KHTML, like Gecko) Chrome/70.0.3538.77 Safari/537.36"
::1 - - [13/Nov/2018:20:34:55 +0000] "OPTIONS /api/clients HTTP/1.1" 204 0 "-" "Mozilla/5.0 (X11; Linux x86_64) AppleWebKit/537.36 (KHTML, like Gecko) Chrome/70.0.3538.77 Safari/537.36"
::1 - - [13/Nov/2018:20:34:55 +0000] "GET /api/invoices/5be68898c7c5e0409068f291 HTTP/1.1" 200 156 "http://localhost:4200/dashboard/invoices/5be68898c7c5e0409068f291" "Mozilla/5.0 (X11; Linux x86_64) AppleWebKit/537.36 (KHTML, like Gecko) Chrome/70.0.3538.77 Safari/537.36"
::1 - - [13/Nov/2018:20:34:57 +0000] "GET /api/clients HTTP/1.1" 304 - "http://localhost:4200/dashboard/invoices/5be68898c7c5e0409068f291" "Mozilla/5.0 (X11; Linux x86_64) AppleWebKit/537.36 (KHTML, like Gecko) Chrome/70.0.3538.77 Safari/537.36"
::1 - - [13/Nov/2018:20:35:04 +0000] "OPTIONS /api/invoices/5be68898c7c5e0409068f291 HTTP/1.1" 204 0 "-" "Mozilla/5.0 (X11; Linux x86_64) AppleWebKit/537.36 (KHTML, like Gecko) Chrome/70.0.3538.77 Safari/537.36"
::1 - - [13/Nov/2018:20:35:04 +0000] "PUT /api/invoices/5be68898c7c5e0409068f291 HTTP/1.1" 200 192 "http://localhost:4200/dashboard/invoices/5be68898c7c5e0409068f291" "Mozilla/5.0 (X11; Linux x86_64) AppleWebKit/537.36 (KHTML, like Gecko) Chrome/70.0.3538.77 Safari/537.36"
::1 - - [13/Nov/2018:20:35:05 +0000] "OPTIONS /api/invoices/?page=1&perpage=10&sortField=undefined&sortDirection=&filter= HTTP/1.1" 204 0 "-" "Mozilla/5.0 (X11; Linux x86_64) AppleWebKit/537.36 (KHTML, like Gecko) Chrome/70.0.3538.77 Safari/537.36"
::1 - - [13/Nov/2018:20:35:05 +0000] "GET /api/invoices/?page=1&perpage=10&sortField=undefined&sortDirection=&filter= HTTP/1.1" 200 1784 "http://localhost:4200/dashboard/invoices" "Mozilla/5.0 (X11; Linux x86_64) AppleWebKit/537.36 (KHTML, like Gecko) Chrome/70.0.3538.77 Safari/537.36"
::1 - - [13/Nov/2018:20:35:10 +0000] "OPTIONS /api/invoices/5be68898c7c5e0409068f291 HTTP/1.1" 204 0 "-" "Mozilla/5.0 (X11; Linux x86_64) AppleWebKit/537.36 (KHTML, like Gecko) Chrome/70.0.3538.77 Safari/537.36"
::1 - - [13/Nov/2018:20:35:10 +0000] "OPTIONS /api/clients HTTP/1.1" 204 0 "-" "Mozilla/5.0 (X11; Linux x86_64) AppleWebKit/537.36 (KHTML, like Gecko) Chrome/70.0.3538.77 Safari/537.36"
::1 - - [13/Nov/2018:20:35:10 +0000] "GET /api/invoices/5be68898c7c5e0409068f291 HTTP/1.1" 200 192 "http://localhost:4200/dashboard/invoices/5be68898c7c5e0409068f291" "Mozilla/5.0 (X11; Linux x86_64) AppleWebKit/537.36 (KHTML, like Gecko) Chrome/70.0.3538.77 Safari/537.36"
::1 - - [13/Nov/2018:20:35:12 +0000] "GET /api/clients HTTP/1.1" 304 - "http://localhost:4200/dashboard/invoices/5be68898c7c5e0409068f291" "Mozilla/5.0 (X11; Linux x86_64) AppleWebKit/537.36 (KHTML, like Gecko) Chrome/70.0.3538.77 Safari/537.36"
::1 - - [13/Nov/2018:20:35:29 +0000] "OPTIONS /api/invoices/5be68898c7c5e0409068f291 HTTP/1.1" 204 0 "-" "Mozilla/5.0 (X11; Linux x86_64) AppleWebKit/537.36 (KHTML, like Gecko) Chrome/70.0.3538.77 Safari/537.36"
::1 - - [13/Nov/2018:20:35:29 +0000] "PUT /api/invoices/5be68898c7c5e0409068f291 HTTP/1.1" 200 192 "http://localhost:4200/dashboard/invoices/5be68898c7c5e0409068f291" "Mozilla/5.0 (X11; Linux x86_64) AppleWebKit/537.36 (KHTML, like Gecko) Chrome/70.0.3538.77 Safari/537.36"
::1 - - [13/Nov/2018:20:35:29 +0000] "OPTIONS /api/invoices/?page=1&perpage=10&sortField=undefined&sortDirection=&filter= HTTP/1.1" 204 0 "-" "Mozilla/5.0 (X11; Linux x86_64) AppleWebKit/537.36 (KHTML, like Gecko) Chrome/70.0.3538.77 Safari/537.36"
::1 - - [13/Nov/2018:20:35:29 +0000] "GET /api/invoices/?page=1&perpage=10&sortField=undefined&sortDirection=&filter= HTTP/1.1" 200 1793 "http://localhost:4200/dashboard/invoices" "Mozilla/5.0 (X11; Linux x86_64) AppleWebKit/537.36 (KHTML, like Gecko) Chrome/70.0.3538.77 Safari/537.36"
::1 - - [13/Nov/2018:20:35:33 +0000] "GET /api/invoices/5be68898c7c5e0409068f291 HTTP/1.1" 200 192 "http://localhost:4200/dashboard/invoices/5be68898c7c5e0409068f291" "Mozilla/5.0 (X11; Linux x86_64) AppleWebKit/537.36 (KHTML, like Gecko) Chrome/70.0.3538.77 Safari/537.36"
::1 - - [13/Nov/2018:20:35:33 +0000] "OPTIONS /api/clients HTTP/1.1" 204 0 "-" "Mozilla/5.0 (X11; Linux x86_64) AppleWebKit/537.36 (KHTML, like Gecko) Chrome/70.0.3538.77 Safari/537.36"
::1 - - [13/Nov/2018:20:35:35 +0000] "GET /api/clients HTTP/1.1" 304 - "http://localhost:4200/dashboard/invoices/5be68898c7c5e0409068f291" "Mozilla/5.0 (X11; Linux x86_64) AppleWebKit/537.36 (KHTML, like Gecko) Chrome/70.0.3538.77 Safari/537.36"
::1 - - [13/Nov/2018:20:38:55 +0000] "OPTIONS /api/invoices/5be68898c7c5e0409068f291 HTTP/1.1" 204 0 "-" "Mozilla/5.0 (X11; Linux x86_64) AppleWebKit/537.36 (KHTML, like Gecko) Chrome/70.0.3538.77 Safari/537.36"
::1 - - [13/Nov/2018:20:38:55 +0000] "OPTIONS /api/clients HTTP/1.1" 204 0 "-" "Mozilla/5.0 (X11; Linux x86_64) AppleWebKit/537.36 (KHTML, like Gecko) Chrome/70.0.3538.77 Safari/537.36"
::1 - - [13/Nov/2018:20:38:55 +0000] "GET /api/invoices/5be68898c7c5e0409068f291 HTTP/1.1" 304 - "http://localhost:4200/dashboard/invoices/5be68898c7c5e0409068f291" "Mozilla/5.0 (X11; Linux x86_64) AppleWebKit/537.36 (KHTML, like Gecko) Chrome/70.0.3538.77 Safari/537.36"
::1 - - [13/Nov/2018:20:38:57 +0000] "GET /api/clients HTTP/1.1" 304 - "http://localhost:4200/dashboard/invoices/5be68898c7c5e0409068f291" "Mozilla/5.0 (X11; Linux x86_64) AppleWebKit/537.36 (KHTML, like Gecko) Chrome/70.0.3538.77 Safari/537.36"
::1 - - [13/Nov/2018:20:44:05 +0000] "OPTIONS /api/invoices/5be68898c7c5e0409068f291 HTTP/1.1" 204 0 "-" "Mozilla/5.0 (X11; Linux x86_64) AppleWebKit/537.36 (KHTML, like Gecko) Chrome/70.0.3538.77 Safari/537.36"
::1 - - [13/Nov/2018:20:44:05 +0000] "OPTIONS /api/clients HTTP/1.1" 204 0 "-" "Mozilla/5.0 (X11; Linux x86_64) AppleWebKit/537.36 (KHTML, like Gecko) Chrome/70.0.3538.77 Safari/537.36"
::1 - - [13/Nov/2018:20:44:05 +0000] "GET /api/invoices/5be68898c7c5e0409068f291 HTTP/1.1" 304 - "http://localhost:4200/dashboard/invoices/5be68898c7c5e0409068f291" "Mozilla/5.0 (X11; Linux x86_64) AppleWebKit/537.36 (KHTML, like Gecko) Chrome/70.0.3538.77 Safari/537.36"
::1 - - [13/Nov/2018:20:44:07 +0000] "GET /api/clients HTTP/1.1" 304 - "http://localhost:4200/dashboard/invoices/5be68898c7c5e0409068f291" "Mozilla/5.0 (X11; Linux x86_64) AppleWebKit/537.36 (KHTML, like Gecko) Chrome/70.0.3538.77 Safari/537.36"
::1 - - [13/Nov/2018:20:45:33 +0000] "OPTIONS /api/invoices/5be68898c7c5e0409068f291 HTTP/1.1" 204 0 "-" "Mozilla/5.0 (X11; Linux x86_64) AppleWebKit/537.36 (KHTML, like Gecko) Chrome/70.0.3538.77 Safari/537.36"
::1 - - [13/Nov/2018:20:45:33 +0000] "OPTIONS /api/clients HTTP/1.1" 204 0 "-" "Mozilla/5.0 (X11; Linux x86_64) AppleWebKit/537.36 (KHTML, like Gecko) Chrome/70.0.3538.77 Safari/537.36"
::1 - - [13/Nov/2018:20:45:33 +0000] "GET /api/invoices/5be68898c7c5e0409068f291 HTTP/1.1" 304 - "http://localhost:4200/dashboard/invoices/5be68898c7c5e0409068f291" "Mozilla/5.0 (X11; Linux x86_64) AppleWebKit/537.36 (KHTML, like Gecko) Chrome/70.0.3538.77 Safari/537.36"
::1 - - [13/Nov/2018:20:45:35 +0000] "GET /api/clients HTTP/1.1" 304 - "http://localhost:4200/dashboard/invoices/5be68898c7c5e0409068f291" "Mozilla/5.0 (X11; Linux x86_64) AppleWebKit/537.36 (KHTML, like Gecko) Chrome/70.0.3538.77 Safari/537.36"
::1 - - [13/Nov/2018:20:47:08 +0000] "OPTIONS /api/invoices/5be68898c7c5e0409068f291 HTTP/1.1" 204 0 "-" "Mozilla/5.0 (X11; Linux x86_64) AppleWebKit/537.36 (KHTML, like Gecko) Chrome/70.0.3538.77 Safari/537.36"
::1 - - [13/Nov/2018:20:47:08 +0000] "OPTIONS /api/clients HTTP/1.1" 204 0 "-" "Mozilla/5.0 (X11; Linux x86_64) AppleWebKit/537.36 (KHTML, like Gecko) Chrome/70.0.3538.77 Safari/537.36"
::1 - - [13/Nov/2018:20:47:08 +0000] "GET /api/invoices/5be68898c7c5e0409068f291 HTTP/1.1" 304 - "http://localhost:4200/dashboard/invoices/5be68898c7c5e0409068f291" "Mozilla/5.0 (X11; Linux x86_64) AppleWebKit/537.36 (KHTML, like Gecko) Chrome/70.0.3538.77 Safari/537.36"
::1 - - [13/Nov/2018:20:47:10 +0000] "GET /api/clients HTTP/1.1" 304 - "http://localhost:4200/dashboard/invoices/5be68898c7c5e0409068f291" "Mozilla/5.0 (X11; Linux x86_64) AppleWebKit/537.36 (KHTML, like Gecko) Chrome/70.0.3538.77 Safari/537.36"
::1 - - [13/Nov/2018:20:55:24 +0000] "OPTIONS /api/users/signup HTTP/1.1" 204 0 "-" "Mozilla/5.0 (X11; Linux x86_64) AppleWebKit/537.36 (KHTML, like Gecko) Chrome/70.0.3538.77 Safari/537.36"
::1 - - [13/Nov/2018:20:55:24 +0000] "POST /api/users/signup HTTP/1.1" 200 132 "http://localhost:4200/signup" "Mozilla/5.0 (X11; Linux x86_64) AppleWebKit/537.36 (KHTML, like Gecko) Chrome/70.0.3538.77 Safari/537.36"
::1 - - [13/Nov/2018:20:55:43 +0000] "OPTIONS /api/users/login HTTP/1.1" 204 0 "-" "Mozilla/5.0 (X11; Linux x86_64) AppleWebKit/537.36 (KHTML, like Gecko) Chrome/70.0.3538.77 Safari/537.36"
::1 - - [13/Nov/2018:20:55:43 +0000] "POST /api/users/login HTTP/1.1" 200 199 "http://localhost:4200/login" "Mozilla/5.0 (X11; Linux x86_64) AppleWebKit/537.36 (KHTML, like Gecko) Chrome/70.0.3538.77 Safari/537.36"
::1 - - [13/Nov/2018:20:55:44 +0000] "OPTIONS /api/invoices/?page=1&perpage=10&sortField=undefined&sortDirection=&filter= HTTP/1.1" 204 0 "-" "Mozilla/5.0 (X11; Linux x86_64) AppleWebKit/537.36 (KHTML, like Gecko) Chrome/70.0.3538.77 Safari/537.36"
::1 - - [13/Nov/2018:20:55:44 +0000] "GET /api/invoices/?page=1&perpage=10&sortField=undefined&sortDirection=&filter= HTTP/1.1" 304 - "http://localhost:4200/dashboard/invoices" "Mozilla/5.0 (X11; Linux x86_64) AppleWebKit/537.36 (KHTML, like Gecko) Chrome/70.0.3538.77 Safari/537.36"
::1 - - [13/Nov/2018:20:56:30 +0000] "OPTIONS /api/invoices/?page=1&perpage=10&sortField=undefined&sortDirection=&filter= HTTP/1.1" 204 0 "-" "Mozilla/5.0 (X11; Linux x86_64) AppleWebKit/537.36 (KHTML, like Gecko) Chrome/70.0.3538.77 Safari/537.36"
::1 - - [13/Nov/2018:20:56:31 +0000] "GET /api/invoices/?page=1&perpage=10&sortField=undefined&sortDirection=&filter= HTTP/1.1" 304 - "http://localhost:4200/dashboard/invoices" "Mozilla/5.0 (X11; Linux x86_64) AppleWebKit/537.36 (KHTML, like Gecko) Chrome/70.0.3538.77 Safari/537.36"
::1 - - [13/Nov/2018:20:56:40 +0000] "OPTIONS /api/invoices/?page=1&perpage=10&sortField=undefined&sortDirection=&filter= HTTP/1.1" 204 0 "-" "Mozilla/5.0 (X11; Linux x86_64) AppleWebKit/537.36 (KHTML, like Gecko) Chrome/70.0.3538.77 Safari/537.36"
::1 - - [13/Nov/2018:20:56:40 +0000] "GET /api/invoices/?page=1&perpage=10&sortField=undefined&sortDirection=&filter= HTTP/1.1" 304 - "http://localhost:4200/dashboard/invoices" "Mozilla/5.0 (X11; Linux x86_64) AppleWebKit/537.36 (KHTML, like Gecko) Chrome/70.0.3538.77 Safari/537.36"
::1 - - [13/Nov/2018:20:56:47 +0000] "OPTIONS /api/invoices/?page=1&perpage=10&sortField=undefined&sortDirection=&filter= HTTP/1.1" 204 0 "-" "Mozilla/5.0 (X11; Linux x86_64) AppleWebKit/537.36 (KHTML, like Gecko) Chrome/70.0.3538.77 Safari/537.36"
::1 - - [13/Nov/2018:20:56:47 +0000] "GET /api/invoices/?page=1&perpage=10&sortField=undefined&sortDirection=&filter= HTTP/1.1" 304 - "http://localhost:4200/dashboard/invoices" "Mozilla/5.0 (X11; Linux x86_64) AppleWebKit/537.36 (KHTML, like Gecko) Chrome/70.0.3538.77 Safari/537.36"
::1 - - [13/Nov/2018:20:57:07 +0000] "OPTIONS /api/invoices/?page=1&perpage=10&sortField=undefined&sortDirection=&filter= HTTP/1.1" 204 0 "-" "Mozilla/5.0 (X11; Linux x86_64) AppleWebKit/537.36 (KHTML, like Gecko) Chrome/70.0.3538.77 Safari/537.36"
::1 - - [13/Nov/2018:20:57:07 +0000] "GET /api/invoices/?page=1&perpage=10&sortField=undefined&sortDirection=&filter= HTTP/1.1" 304 - "http://localhost:4200/dashboard/invoices" "Mozilla/5.0 (X11; Linux x86_64) AppleWebKit/537.36 (KHTML, like Gecko) Chrome/70.0.3538.77 Safari/537.36"
::1 - - [13/Nov/2018:20:57:15 +0000] "OPTIONS /api/invoices/?page=1&perpage=10&sortField=undefined&sortDirection=&filter= HTTP/1.1" 204 0 "-" "Mozilla/5.0 (X11; Linux x86_64) AppleWebKit/537.36 (KHTML, like Gecko) Chrome/70.0.3538.77 Safari/537.36"
::1 - - [13/Nov/2018:20:57:15 +0000] "GET /api/invoices/?page=1&perpage=10&sortField=undefined&sortDirection=&filter= HTTP/1.1" 304 - "http://localhost:4200/dashboard/invoices" "Mozilla/5.0 (X11; Linux x86_64) AppleWebKit/537.36 (KHTML, like Gecko) Chrome/70.0.3538.77 Safari/537.36"
::1 - - [13/Nov/2018:20:57:20 +0000] "OPTIONS /api/invoices/?page=1&perpage=10&sortField=undefined&sortDirection=&filter= HTTP/1.1" 204 0 "-" "Mozilla/5.0 (X11; Linux x86_64) AppleWebKit/537.36 (KHTML, like Gecko) Chrome/70.0.3538.77 Safari/537.36"
::1 - - [13/Nov/2018:20:57:20 +0000] "GET /api/invoices/?page=1&perpage=10&sortField=undefined&sortDirection=&filter= HTTP/1.1" 304 - "http://localhost:4200/dashboard/invoices" "Mozilla/5.0 (X11; Linux x86_64) AppleWebKit/537.36 (KHTML, like Gecko) Chrome/70.0.3538.77 Safari/537.36"
::1 - - [13/Nov/2018:20:57:42 +0000] "OPTIONS /api/invoices/?page=1&perpage=10&sortField=undefined&sortDirection=&filter= HTTP/1.1" 204 0 "-" "Mozilla/5.0 (X11; Linux x86_64) AppleWebKit/537.36 (KHTML, like Gecko) Chrome/70.0.3538.77 Safari/537.36"
::1 - - [13/Nov/2018:20:57:42 +0000] "GET /api/invoices/?page=1&perpage=10&sortField=undefined&sortDirection=&filter= HTTP/1.1" 304 - "http://localhost:4200/dashboard/invoices" "Mozilla/5.0 (X11; Linux x86_64) AppleWebKit/537.36 (KHTML, like Gecko) Chrome/70.0.3538.77 Safari/537.36"
::1 - - [13/Nov/2018:21:02:17 +0000] "OPTIONS /api/users/login HTTP/1.1" 204 0 "-" "Mozilla/5.0 (X11; Linux x86_64) AppleWebKit/537.36 (KHTML, like Gecko) Chrome/70.0.3538.77 Safari/537.36"
::1 - - [13/Nov/2018:21:02:17 +0000] "POST /api/users/login HTTP/1.1" 200 199 "http://localhost:4200/login" "Mozilla/5.0 (X11; Linux x86_64) AppleWebKit/537.36 (KHTML, like Gecko) Chrome/70.0.3538.77 Safari/537.36"
::1 - - [13/Nov/2018:21:02:18 +0000] "OPTIONS /api/invoices/?page=1&perpage=10&sortField=undefined&sortDirection=&filter= HTTP/1.1" 204 0 "-" "Mozilla/5.0 (X11; Linux x86_64) AppleWebKit/537.36 (KHTML, like Gecko) Chrome/70.0.3538.77 Safari/537.36"
::1 - - [13/Nov/2018:21:02:18 +0000] "GET /api/invoices/?page=1&perpage=10&sortField=undefined&sortDirection=&filter= HTTP/1.1" 304 - "http://localhost:4200/dashboard/invoices" "Mozilla/5.0 (X11; Linux x86_64) AppleWebKit/537.36 (KHTML, like Gecko) Chrome/70.0.3538.77 Safari/537.36"
::1 - - [13/Nov/2018:21:16:06 +0000] "OPTIONS /api/users/login HTTP/1.1" 204 0 "-" "Mozilla/5.0 (X11; Linux x86_64) AppleWebKit/537.36 (KHTML, like Gecko) Chrome/70.0.3538.77 Safari/537.36"
::1 - - [13/Nov/2018:21:16:06 +0000] "POST /api/users/login HTTP/1.1" 200 199 "http://localhost:4200/login" "Mozilla/5.0 (X11; Linux x86_64) AppleWebKit/537.36 (KHTML, like Gecko) Chrome/70.0.3538.77 Safari/537.36"
::1 - - [13/Nov/2018:21:16:07 +0000] "OPTIONS /api/invoices/?page=1&perpage=10&sortField=undefined&sortDirection=&filter= HTTP/1.1" 204 0 "-" "Mozilla/5.0 (X11; Linux x86_64) AppleWebKit/537.36 (KHTML, like Gecko) Chrome/70.0.3538.77 Safari/537.36"
::1 - - [13/Nov/2018:21:16:07 +0000] "GET /api/invoices/?page=1&perpage=10&sortField=undefined&sortDirection=&filter= HTTP/1.1" 304 - "http://localhost:4200/dashboard/invoices" "Mozilla/5.0 (X11; Linux x86_64) AppleWebKit/537.36 (KHTML, like Gecko) Chrome/70.0.3538.77 Safari/537.36"
::1 - - [14/Nov/2018:17:59:50 +0000] "OPTIONS /api/users/login HTTP/1.1" 204 0 "-" "Mozilla/5.0 (X11; Linux x86_64) AppleWebKit/537.36 (KHTML, like Gecko) Chrome/70.0.3538.77 Safari/537.36"
::1 - - [14/Nov/2018:17:59:51 +0000] "POST /api/users/login HTTP/1.1" 200 199 "http://localhost:4200/login" "Mozilla/5.0 (X11; Linux x86_64) AppleWebKit/537.36 (KHTML, like Gecko) Chrome/70.0.3538.77 Safari/537.36"
::1 - - [14/Nov/2018:17:59:51 +0000] "OPTIONS /api/invoices/?page=1&perpage=10&sortField=undefined&sortDirection=&filter= HTTP/1.1" 204 0 "-" "Mozilla/5.0 (X11; Linux x86_64) AppleWebKit/537.36 (KHTML, like Gecko) Chrome/70.0.3538.77 Safari/537.36"
::1 - - [14/Nov/2018:17:59:51 +0000] "GET /api/invoices/?page=1&perpage=10&sortField=undefined&sortDirection=&filter= HTTP/1.1" 304 - "http://localhost:4200/dashboard/invoices" "Mozilla/5.0 (X11; Linux x86_64) AppleWebKit/537.36 (KHTML, like Gecko) Chrome/70.0.3538.77 Safari/537.36"
::1 - - [14/Nov/2018:18:03:08 +0000] "OPTIONS /api/invoices/?page=1&perpage=10&sortField=undefined&sortDirection=&filter= HTTP/1.1" 204 0 "-" "Mozilla/5.0 (X11; Linux x86_64) AppleWebKit/537.36 (KHTML, like Gecko) Chrome/70.0.3538.77 Safari/537.36"
::1 - - [14/Nov/2018:18:03:08 +0000] "GET /api/invoices/?page=1&perpage=10&sortField=undefined&sortDirection=&filter= HTTP/1.1" 304 - "http://localhost:4200/dashboard/invoices" "Mozilla/5.0 (X11; Linux x86_64) AppleWebKit/537.36 (KHTML, like Gecko) Chrome/70.0.3538.77 Safari/537.36"
::1 - - [14/Nov/2018:18:03:38 +0000] "OPTIONS /api/invoices/?page=1&perpage=10&sortField=undefined&sortDirection=&filter= HTTP/1.1" 204 0 "-" "Mozilla/5.0 (X11; Linux x86_64) AppleWebKit/537.36 (KHTML, like Gecko) Chrome/70.0.3538.77 Safari/537.36"
::1 - - [14/Nov/2018:18:03:38 +0000] "GET /api/invoices/?page=1&perpage=10&sortField=undefined&sortDirection=&filter= HTTP/1.1" 304 - "http://localhost:4200/dashboard/invoices" "Mozilla/5.0 (X11; Linux x86_64) AppleWebKit/537.36 (KHTML, like Gecko) Chrome/70.0.3538.77 Safari/537.36"
::1 - - [14/Nov/2018:18:03:47 +0000] "OPTIONS /api/invoices/?page=1&perpage=10&sortField=undefined&sortDirection=&filter= HTTP/1.1" 204 0 "-" "Mozilla/5.0 (X11; Linux x86_64) AppleWebKit/537.36 (KHTML, like Gecko) Chrome/70.0.3538.77 Safari/537.36"
::1 - - [14/Nov/2018:18:03:47 +0000] "GET /api/invoices/?page=1&perpage=10&sortField=undefined&sortDirection=&filter= HTTP/1.1" 304 - "http://localhost:4200/dashboard/invoices" "Mozilla/5.0 (X11; Linux x86_64) AppleWebKit/537.36 (KHTML, like Gecko) Chrome/70.0.3538.77 Safari/537.36"
::1 - - [14/Nov/2018:18:03:52 +0000] "GET /api/invoices/?page=1&perpage=10&sortField=undefined&sortDirection=&filter= HTTP/1.1" 304 - "http://localhost:4200/dashboard/invoices" "Mozilla/5.0 (X11; Linux x86_64) AppleWebKit/537.36 (KHTML, like Gecko) Chrome/70.0.3538.77 Safari/537.36"
::1 - - [14/Nov/2018:18:05:34 +0000] "OPTIONS /api/invoices/?page=1&perpage=10&sortField=undefined&sortDirection=&filter= HTTP/1.1" 204 0 "-" "Mozilla/5.0 (X11; Linux x86_64) AppleWebKit/537.36 (KHTML, like Gecko) Chrome/70.0.3538.77 Safari/537.36"
::1 - - [14/Nov/2018:18:05:34 +0000] "GET /api/invoices/?page=1&perpage=10&sortField=undefined&sortDirection=&filter= HTTP/1.1" 304 - "http://localhost:4200/dashboard/invoices" "Mozilla/5.0 (X11; Linux x86_64) AppleWebKit/537.36 (KHTML, like Gecko) Chrome/70.0.3538.77 Safari/537.36"
::1 - - [14/Nov/2018:18:05:54 +0000] "OPTIONS /api/invoices/?page=1&perpage=10&sortField=undefined&sortDirection=&filter= HTTP/1.1" 204 0 "-" "Mozilla/5.0 (X11; Linux x86_64) AppleWebKit/537.36 (KHTML, like Gecko) Chrome/70.0.3538.77 Safari/537.36"
::1 - - [14/Nov/2018:18:05:54 +0000] "GET /api/invoices/?page=1&perpage=10&sortField=undefined&sortDirection=&filter= HTTP/1.1" 304 - "http://localhost:4200/dashboard/invoices" "Mozilla/5.0 (X11; Linux x86_64) AppleWebKit/537.36 (KHTML, like Gecko) Chrome/70.0.3538.77 Safari/537.36"
::1 - - [14/Nov/2018:18:06:05 +0000] "OPTIONS /api/invoices/?page=1&perpage=10&sortField=undefined&sortDirection=&filter= HTTP/1.1" 204 0 "-" "Mozilla/5.0 (X11; Linux x86_64) AppleWebKit/537.36 (KHTML, like Gecko) Chrome/70.0.3538.77 Safari/537.36"
::1 - - [14/Nov/2018:18:06:05 +0000] "GET /api/invoices/?page=1&perpage=10&sortField=undefined&sortDirection=&filter= HTTP/1.1" 304 - "http://localhost:4200/dashboard/invoices" "Mozilla/5.0 (X11; Linux x86_64) AppleWebKit/537.36 (KHTML, like Gecko) Chrome/70.0.3538.77 Safari/537.36"
::1 - - [14/Nov/2018:18:06:06 +0000] "OPTIONS /api/clients HTTP/1.1" 204 0 "-" "Mozilla/5.0 (X11; Linux x86_64) AppleWebKit/537.36 (KHTML, like Gecko) Chrome/70.0.3538.77 Safari/537.36"
::1 - - [14/Nov/2018:18:06:08 +0000] "GET /api/clients HTTP/1.1" 304 - "http://localhost:4200/dashboard/invoices/new" "Mozilla/5.0 (X11; Linux x86_64) AppleWebKit/537.36 (KHTML, like Gecko) Chrome/70.0.3538.77 Safari/537.36"
::1 - - [14/Nov/2018:18:06:09 +0000] "GET /api/invoices/?page=1&perpage=10&sortField=undefined&sortDirection=&filter= HTTP/1.1" 304 - "http://localhost:4200/dashboard/invoices" "Mozilla/5.0 (X11; Linux x86_64) AppleWebKit/537.36 (KHTML, like Gecko) Chrome/70.0.3538.77 Safari/537.36"
::1 - - [14/Nov/2018:18:06:13 +0000] "OPTIONS /api/invoices/5be68898c7c5e0409068f291 HTTP/1.1" 204 0 "-" "Mozilla/5.0 (X11; Linux x86_64) AppleWebKit/537.36 (KHTML, like Gecko) Chrome/70.0.3538.77 Safari/537.36"
::1 - - [14/Nov/2018:18:06:13 +0000] "OPTIONS /api/clients HTTP/1.1" 204 0 "-" "Mozilla/5.0 (X11; Linux x86_64) AppleWebKit/537.36 (KHTML, like Gecko) Chrome/70.0.3538.77 Safari/537.36"
::1 - - [14/Nov/2018:18:06:13 +0000] "GET /api/invoices/5be68898c7c5e0409068f291 HTTP/1.1" 304 - "http://localhost:4200/dashboard/invoices/5be68898c7c5e0409068f291" "Mozilla/5.0 (X11; Linux x86_64) AppleWebKit/537.36 (KHTML, like Gecko) Chrome/70.0.3538.77 Safari/537.36"
::1 - - [14/Nov/2018:18:06:15 +0000] "GET /api/clients HTTP/1.1" 304 - "http://localhost:4200/dashboard/invoices/5be68898c7c5e0409068f291" "Mozilla/5.0 (X11; Linux x86_64) AppleWebKit/537.36 (KHTML, like Gecko) Chrome/70.0.3538.77 Safari/537.36"
::1 - - [14/Nov/2018:18:15:37 +0000] "OPTIONS /api/invoices/5be68898c7c5e0409068f291 HTTP/1.1" 204 0 "-" "Mozilla/5.0 (X11; Linux x86_64) AppleWebKit/537.36 (KHTML, like Gecko) Chrome/70.0.3538.77 Safari/537.36"
::1 - - [14/Nov/2018:18:15:37 +0000] "OPTIONS /api/clients HTTP/1.1" 204 0 "-" "Mozilla/5.0 (X11; Linux x86_64) AppleWebKit/537.36 (KHTML, like Gecko) Chrome/70.0.3538.77 Safari/537.36"
::1 - - [14/Nov/2018:18:15:37 +0000] "GET /api/invoices/5be68898c7c5e0409068f291 HTTP/1.1" 304 - "http://localhost:4200/dashboard/invoices/5be68898c7c5e0409068f291" "Mozilla/5.0 (X11; Linux x86_64) AppleWebKit/537.36 (KHTML, like Gecko) Chrome/70.0.3538.77 Safari/537.36"
::1 - - [14/Nov/2018:18:15:39 +0000] "GET /api/clients HTTP/1.1" 304 - "http://localhost:4200/dashboard/invoices/5be68898c7c5e0409068f291" "Mozilla/5.0 (X11; Linux x86_64) AppleWebKit/537.36 (KHTML, like Gecko) Chrome/70.0.3538.77 Safari/537.36"
::1 - - [14/Nov/2018:18:16:17 +0000] "OPTIONS /api/invoices/5be68898c7c5e0409068f291 HTTP/1.1" 204 0 "-" "Mozilla/5.0 (X11; Linux x86_64) AppleWebKit/537.36 (KHTML, like Gecko) Chrome/70.0.3538.77 Safari/537.36"
::1 - - [14/Nov/2018:18:16:17 +0000] "GET /api/invoices/5be68898c7c5e0409068f291 HTTP/1.1" 304 - "http://localhost:4200/dashboard/invoices/5be68898c7c5e0409068f291" "Mozilla/5.0 (X11; Linux x86_64) AppleWebKit/537.36 (KHTML, like Gecko) Chrome/70.0.3538.77 Safari/537.36"
::1 - - [14/Nov/2018:18:16:17 +0000] "GET /api/invoices/5be68898c7c5e0409068f291 HTTP/1.1" 304 - "http://localhost:4200/dashboard/invoices/5be68898c7c5e0409068f291" "Mozilla/5.0 (X11; Linux x86_64) AppleWebKit/537.36 (KHTML, like Gecko) Chrome/70.0.3538.77 Safari/537.36"
::1 - - [14/Nov/2018:18:16:17 +0000] "OPTIONS /api/clients HTTP/1.1" 204 0 "-" "Mozilla/5.0 (X11; Linux x86_64) AppleWebKit/537.36 (KHTML, like Gecko) Chrome/70.0.3538.77 Safari/537.36"
::1 - - [14/Nov/2018:18:16:19 +0000] "GET /api/clients HTTP/1.1" 304 - "http://localhost:4200/dashboard/invoices/5be68898c7c5e0409068f291" "Mozilla/5.0 (X11; Linux x86_64) AppleWebKit/537.36 (KHTML, like Gecko) Chrome/70.0.3538.77 Safari/537.36"
::1 - - [14/Nov/2018:18:16:30 +0000] "OPTIONS /api/invoices/?page=1&perpage=10&sortField=undefined&sortDirection=&filter= HTTP/1.1" 204 0 "-" "Mozilla/5.0 (X11; Linux x86_64) AppleWebKit/537.36 (KHTML, like Gecko) Chrome/70.0.3538.77 Safari/537.36"
::1 - - [14/Nov/2018:18:16:30 +0000] "GET /api/invoices/?page=1&perpage=10&sortField=undefined&sortDirection=&filter= HTTP/1.1" 304 - "http://localhost:4200/dashboard/invoices" "Mozilla/5.0 (X11; Linux x86_64) AppleWebKit/537.36 (KHTML, like Gecko) Chrome/70.0.3538.77 Safari/537.36"
::1 - - [14/Nov/2018:18:17:00 +0000] "OPTIONS /api/invoices/?page=1&perpage=10&sortField=undefined&sortDirection=&filter= HTTP/1.1" 204 0 "-" "Mozilla/5.0 (X11; Linux x86_64) AppleWebKit/537.36 (KHTML, like Gecko) Chrome/70.0.3538.77 Safari/537.36"
::1 - - [14/Nov/2018:18:17:00 +0000] "GET /api/invoices/?page=1&perpage=10&sortField=undefined&sortDirection=&filter= HTTP/1.1" 304 - "http://localhost:4200/dashboard/invoices" "Mozilla/5.0 (X11; Linux x86_64) AppleWebKit/537.36 (KHTML, like Gecko) Chrome/70.0.3538.77 Safari/537.36"
::1 - - [14/Nov/2018:18:17:15 +0000] "OPTIONS /api/invoices/?page=1&perpage=10&sortField=undefined&sortDirection=&filter= HTTP/1.1" 204 0 "-" "Mozilla/5.0 (X11; Linux x86_64) AppleWebKit/537.36 (KHTML, like Gecko) Chrome/70.0.3538.77 Safari/537.36"
::1 - - [14/Nov/2018:18:17:15 +0000] "GET /api/invoices/?page=1&perpage=10&sortField=undefined&sortDirection=&filter= HTTP/1.1" 304 - "http://localhost:4200/dashboard/invoices" "Mozilla/5.0 (X11; Linux x86_64) AppleWebKit/537.36 (KHTML, like Gecko) Chrome/70.0.3538.77 Safari/537.36"
::1 - - [14/Nov/2018:18:18:29 +0000] "OPTIONS /api/invoices/?page=1&perpage=10&sortField=undefined&sortDirection=&filter= HTTP/1.1" 204 0 "-" "Mozilla/5.0 (X11; Linux x86_64) AppleWebKit/537.36 (KHTML, like Gecko) Chrome/70.0.3538.77 Safari/537.36"
::1 - - [14/Nov/2018:18:18:29 +0000] "GET /api/invoices/?page=1&perpage=10&sortField=undefined&sortDirection=&filter= HTTP/1.1" 304 - "http://localhost:4200/dashboard/invoices" "Mozilla/5.0 (X11; Linux x86_64) AppleWebKit/537.36 (KHTML, like Gecko) Chrome/70.0.3538.77 Safari/537.36"
::1 - - [14/Nov/2018:18:18:43 +0000] "OPTIONS /api/invoices/?page=1&perpage=10&sortField=undefined&sortDirection=&filter= HTTP/1.1" 204 0 "-" "Mozilla/5.0 (X11; Linux x86_64) AppleWebKit/537.36 (KHTML, like Gecko) Chrome/70.0.3538.77 Safari/537.36"
::1 - - [14/Nov/2018:18:18:43 +0000] "GET /api/invoices/?page=1&perpage=10&sortField=undefined&sortDirection=&filter= HTTP/1.1" 304 - "http://localhost:4200/dashboard/invoices" "Mozilla/5.0 (X11; Linux x86_64) AppleWebKit/537.36 (KHTML, like Gecko) Chrome/70.0.3538.77 Safari/537.36"
::1 - - [14/Nov/2018:18:18:48 +0000] "OPTIONS /api/invoices/?page=1&perpage=10&sortField=undefined&sortDirection=&filter= HTTP/1.1" 204 0 "-" "Mozilla/5.0 (X11; Linux x86_64) AppleWebKit/537.36 (KHTML, like Gecko) Chrome/70.0.3538.77 Safari/537.36"
::1 - - [14/Nov/2018:18:18:48 +0000] "GET /api/invoices/?page=1&perpage=10&sortField=undefined&sortDirection=&filter= HTTP/1.1" 304 - "http://localhost:4200/dashboard/invoices" "Mozilla/5.0 (X11; Linux x86_64) AppleWebKit/537.36 (KHTML, like Gecko) Chrome/70.0.3538.77 Safari/537.36"
::1 - - [14/Nov/2018:18:19:20 +0000] "OPTIONS /api/invoices/?page=1&perpage=10&sortField=undefined&sortDirection=&filter= HTTP/1.1" 204 0 "-" "Mozilla/5.0 (X11; Linux x86_64) AppleWebKit/537.36 (KHTML, like Gecko) Chrome/70.0.3538.77 Safari/537.36"
::1 - - [14/Nov/2018:18:19:21 +0000] "GET /api/invoices/?page=1&perpage=10&sortField=undefined&sortDirection=&filter= HTTP/1.1" 304 - "http://localhost:4200/dashboard/invoices" "Mozilla/5.0 (X11; Linux x86_64) AppleWebKit/537.36 (KHTML, like Gecko) Chrome/70.0.3538.77 Safari/537.36"
::1 - - [14/Nov/2018:18:19:26 +0000] "OPTIONS /api/invoices/?page=1&perpage=10&sortField=undefined&sortDirection=&filter= HTTP/1.1" 204 0 "-" "Mozilla/5.0 (X11; Linux x86_64) AppleWebKit/537.36 (KHTML, like Gecko) Chrome/70.0.3538.77 Safari/537.36"
::1 - - [14/Nov/2018:18:19:26 +0000] "GET /api/invoices/?page=1&perpage=10&sortField=undefined&sortDirection=&filter= HTTP/1.1" 304 - "http://localhost:4200/dashboard/invoices" "Mozilla/5.0 (X11; Linux x86_64) AppleWebKit/537.36 (KHTML, like Gecko) Chrome/70.0.3538.77 Safari/537.36"
::1 - - [14/Nov/2018:18:19:32 +0000] "OPTIONS /api/invoices/?page=1&perpage=10&sortField=undefined&sortDirection=&filter= HTTP/1.1" 204 0 "-" "Mozilla/5.0 (X11; Linux x86_64) AppleWebKit/537.36 (KHTML, like Gecko) Chrome/70.0.3538.77 Safari/537.36"
::1 - - [14/Nov/2018:18:19:32 +0000] "GET /api/invoices/?page=1&perpage=10&sortField=undefined&sortDirection=&filter= HTTP/1.1" 304 - "http://localhost:4200/dashboard/invoices" "Mozilla/5.0 (X11; Linux x86_64) AppleWebKit/537.36 (KHTML, like Gecko) Chrome/70.0.3538.77 Safari/537.36"
::1 - - [14/Nov/2018:18:19:35 +0000] "OPTIONS /api/invoices/5be68898c7c5e0409068f291 HTTP/1.1" 204 0 "-" "Mozilla/5.0 (X11; Linux x86_64) AppleWebKit/537.36 (KHTML, like Gecko) Chrome/70.0.3538.77 Safari/537.36"
::1 - - [14/Nov/2018:18:19:35 +0000] "GET /api/invoices/5be68898c7c5e0409068f291 HTTP/1.1" 304 - "http://localhost:4200/dashboard/invoices" "Mozilla/5.0 (X11; Linux x86_64) AppleWebKit/537.36 (KHTML, like Gecko) Chrome/70.0.3538.77 Safari/537.36"
::1 - - [14/Nov/2018:18:19:35 +0000] "OPTIONS /api/clients HTTP/1.1" 204 0 "-" "Mozilla/5.0 (X11; Linux x86_64) AppleWebKit/537.36 (KHTML, like Gecko) Chrome/70.0.3538.77 Safari/537.36"
::1 - - [14/Nov/2018:18:19:37 +0000] "GET /api/clients HTTP/1.1" 304 - "http://localhost:4200/dashboard/invoices/5be68898c7c5e0409068f291" "Mozilla/5.0 (X11; Linux x86_64) AppleWebKit/537.36 (KHTML, like Gecko) Chrome/70.0.3538.77 Safari/537.36"
::1 - - [14/Nov/2018:18:24:05 +0000] "OPTIONS /api/invoices/5be68898c7c5e0409068f291 HTTP/1.1" 204 0 "-" "Mozilla/5.0 (X11; Linux x86_64) AppleWebKit/537.36 (KHTML, like Gecko) Chrome/70.0.3538.77 Safari/537.36"
::1 - - [14/Nov/2018:18:24:05 +0000] "GET /api/invoices/5be68898c7c5e0409068f291 HTTP/1.1" 304 - "http://localhost:4200/dashboard/invoices/5be68898c7c5e0409068f291" "Mozilla/5.0 (X11; Linux x86_64) AppleWebKit/537.36 (KHTML, like Gecko) Chrome/70.0.3538.77 Safari/537.36"
::1 - - [14/Nov/2018:18:24:05 +0000] "OPTIONS /api/clients HTTP/1.1" 204 0 "-" "Mozilla/5.0 (X11; Linux x86_64) AppleWebKit/537.36 (KHTML, like Gecko) Chrome/70.0.3538.77 Safari/537.36"
::1 - - [14/Nov/2018:18:24:07 +0000] "GET /api/clients HTTP/1.1" 304 - "http://localhost:4200/dashboard/invoices/5be68898c7c5e0409068f291" "Mozilla/5.0 (X11; Linux x86_64) AppleWebKit/537.36 (KHTML, like Gecko) Chrome/70.0.3538.77 Safari/537.36"
::1 - - [14/Nov/2018:18:24:37 +0000] "OPTIONS /api/invoices/?page=1&perpage=10&sortField=undefined&sortDirection=&filter= HTTP/1.1" 204 0 "-" "Mozilla/5.0 (X11; Linux x86_64) AppleWebKit/537.36 (KHTML, like Gecko) Chrome/70.0.3538.77 Safari/537.36"
::1 - - [14/Nov/2018:18:24:37 +0000] "GET /api/invoices/?page=1&perpage=10&sortField=undefined&sortDirection=&filter= HTTP/1.1" 304 - "http://localhost:4200/dashboard/invoices" "Mozilla/5.0 (X11; Linux x86_64) AppleWebKit/537.36 (KHTML, like Gecko) Chrome/70.0.3538.77 Safari/537.36"
::1 - - [14/Nov/2018:18:24:42 +0000] "OPTIONS /api/clients HTTP/1.1" 204 0 "-" "Mozilla/5.0 (X11; Linux x86_64) AppleWebKit/537.36 (KHTML, like Gecko) Chrome/70.0.3538.77 Safari/537.36"
::1 - - [14/Nov/2018:18:24:44 +0000] "GET /api/clients HTTP/1.1" 304 - "http://localhost:4200/dashboard/invoices/new" "Mozilla/5.0 (X11; Linux x86_64) AppleWebKit/537.36 (KHTML, like Gecko) Chrome/70.0.3538.77 Safari/537.36"
::1 - - [14/Nov/2018:18:25:04 +0000] "OPTIONS /api/invoices HTTP/1.1" 204 0 "-" "Mozilla/5.0 (X11; Linux x86_64) AppleWebKit/537.36 (KHTML, like Gecko) Chrome/70.0.3538.77 Safari/537.36"
::1 - - [14/Nov/2018:18:25:04 +0000] "POST /api/invoices HTTP/1.1" 200 181 "http://localhost:4200/dashboard/invoices/new" "Mozilla/5.0 (X11; Linux x86_64) AppleWebKit/537.36 (KHTML, like Gecko) Chrome/70.0.3538.77 Safari/537.36"
::1 - - [14/Nov/2018:18:25:04 +0000] "OPTIONS /api/invoices/?page=1&perpage=10&sortField=undefined&sortDirection=&filter= HTTP/1.1" 204 0 "-" "Mozilla/5.0 (X11; Linux x86_64) AppleWebKit/537.36 (KHTML, like Gecko) Chrome/70.0.3538.77 Safari/537.36"
::1 - - [14/Nov/2018:18:25:04 +0000] "GET /api/invoices/?page=1&perpage=10&sortField=undefined&sortDirection=&filter= HTTP/1.1" 200 1793 "http://localhost:4200/dashboard/invoices" "Mozilla/5.0 (X11; Linux x86_64) AppleWebKit/537.36 (KHTML, like Gecko) Chrome/70.0.3538.77 Safari/537.36"
::1 - - [14/Nov/2018:18:25:11 +0000] "OPTIONS /api/invoices/5be68898c7c5e0409068f291 HTTP/1.1" 204 0 "-" "Mozilla/5.0 (X11; Linux x86_64) AppleWebKit/537.36 (KHTML, like Gecko) Chrome/70.0.3538.77 Safari/537.36"
::1 - - [14/Nov/2018:18:25:11 +0000] "GET /api/invoices/5be68898c7c5e0409068f291 HTTP/1.1" 304 - "http://localhost:4200/dashboard/invoices" "Mozilla/5.0 (X11; Linux x86_64) AppleWebKit/537.36 (KHTML, like Gecko) Chrome/70.0.3538.77 Safari/537.36"
::1 - - [14/Nov/2018:18:25:11 +0000] "OPTIONS /api/clients HTTP/1.1" 204 0 "-" "Mozilla/5.0 (X11; Linux x86_64) AppleWebKit/537.36 (KHTML, like Gecko) Chrome/70.0.3538.77 Safari/537.36"
::1 - - [14/Nov/2018:18:25:13 +0000] "GET /api/clients HTTP/1.1" 304 - "http://localhost:4200/dashboard/invoices/5be68898c7c5e0409068f291" "Mozilla/5.0 (X11; Linux x86_64) AppleWebKit/537.36 (KHTML, like Gecko) Chrome/70.0.3538.77 Safari/537.36"
::1 - - [14/Nov/2018:18:26:59 +0000] "OPTIONS /api/invoices/5be68898c7c5e0409068f291 HTTP/1.1" 204 0 "-" "Mozilla/5.0 (X11; Linux x86_64) AppleWebKit/537.36 (KHTML, like Gecko) Chrome/70.0.3538.77 Safari/537.36"
::1 - - [14/Nov/2018:18:26:59 +0000] "GET /api/invoices/5be68898c7c5e0409068f291 HTTP/1.1" 304 - "http://localhost:4200/dashboard/invoices/5be68898c7c5e0409068f291" "Mozilla/5.0 (X11; Linux x86_64) AppleWebKit/537.36 (KHTML, like Gecko) Chrome/70.0.3538.77 Safari/537.36"
::1 - - [14/Nov/2018:18:26:59 +0000] "OPTIONS /api/clients HTTP/1.1" 204 0 "-" "Mozilla/5.0 (X11; Linux x86_64) AppleWebKit/537.36 (KHTML, like Gecko) Chrome/70.0.3538.77 Safari/537.36"
::1 - - [14/Nov/2018:18:27:01 +0000] "GET /api/clients HTTP/1.1" 304 - "http://localhost:4200/dashboard/invoices/5be68898c7c5e0409068f291" "Mozilla/5.0 (X11; Linux x86_64) AppleWebKit/537.36 (KHTML, like Gecko) Chrome/70.0.3538.77 Safari/537.36"
::1 - - [14/Nov/2018:18:27:07 +0000] "OPTIONS /api/invoices/5be68898c7c5e0409068f291 HTTP/1.1" 204 0 "-" "Mozilla/5.0 (X11; Linux x86_64) AppleWebKit/537.36 (KHTML, like Gecko) Chrome/70.0.3538.77 Safari/537.36"
::1 - - [14/Nov/2018:18:27:07 +0000] "GET /api/invoices/5be68898c7c5e0409068f291 HTTP/1.1" 304 - "http://localhost:4200/dashboard/invoices/5be68898c7c5e0409068f291" "Mozilla/5.0 (X11; Linux x86_64) AppleWebKit/537.36 (KHTML, like Gecko) Chrome/70.0.3538.77 Safari/537.36"
::1 - - [14/Nov/2018:18:27:07 +0000] "OPTIONS /api/clients HTTP/1.1" 204 0 "-" "Mozilla/5.0 (X11; Linux x86_64) AppleWebKit/537.36 (KHTML, like Gecko) Chrome/70.0.3538.77 Safari/537.36"
::1 - - [14/Nov/2018:18:27:09 +0000] "GET /api/clients HTTP/1.1" 304 - "http://localhost:4200/dashboard/invoices/5be68898c7c5e0409068f291" "Mozilla/5.0 (X11; Linux x86_64) AppleWebKit/537.36 (KHTML, like Gecko) Chrome/70.0.3538.77 Safari/537.36"
::1 - - [14/Nov/2018:18:28:33 +0000] "OPTIONS /api/invoices/5be68898c7c5e0409068f291 HTTP/1.1" 204 0 "-" "Mozilla/5.0 (X11; Linux x86_64) AppleWebKit/537.36 (KHTML, like Gecko) Chrome/70.0.3538.77 Safari/537.36"
::1 - - [14/Nov/2018:18:28:33 +0000] "GET /api/invoices/5be68898c7c5e0409068f291 HTTP/1.1" 304 - "http://localhost:4200/dashboard/invoices/5be68898c7c5e0409068f291" "Mozilla/5.0 (X11; Linux x86_64) AppleWebKit/537.36 (KHTML, like Gecko) Chrome/70.0.3538.77 Safari/537.36"
::1 - - [14/Nov/2018:18:28:33 +0000] "OPTIONS /api/clients HTTP/1.1" 204 0 "-" "Mozilla/5.0 (X11; Linux x86_64) AppleWebKit/537.36 (KHTML, like Gecko) Chrome/70.0.3538.77 Safari/537.36"
::1 - - [14/Nov/2018:18:28:35 +0000] "GET /api/clients HTTP/1.1" 304 - "http://localhost:4200/dashboard/invoices/5be68898c7c5e0409068f291" "Mozilla/5.0 (X11; Linux x86_64) AppleWebKit/537.36 (KHTML, like Gecko) Chrome/70.0.3538.77 Safari/537.36"
::1 - - [14/Nov/2018:18:29:04 +0000] "OPTIONS /api/invoices/5be68898c7c5e0409068f291 HTTP/1.1" 204 0 "-" "Mozilla/5.0 (X11; Linux x86_64) AppleWebKit/537.36 (KHTML, like Gecko) Chrome/70.0.3538.77 Safari/537.36"
::1 - - [14/Nov/2018:18:29:04 +0000] "GET /api/invoices/5be68898c7c5e0409068f291 HTTP/1.1" 304 - "http://localhost:4200/dashboard/invoices/5be68898c7c5e0409068f291" "Mozilla/5.0 (X11; Linux x86_64) AppleWebKit/537.36 (KHTML, like Gecko) Chrome/70.0.3538.77 Safari/537.36"
::1 - - [14/Nov/2018:18:29:04 +0000] "OPTIONS /api/clients HTTP/1.1" 204 0 "-" "Mozilla/5.0 (X11; Linux x86_64) AppleWebKit/537.36 (KHTML, like Gecko) Chrome/70.0.3538.77 Safari/537.36"
::1 - - [14/Nov/2018:18:29:06 +0000] "GET /api/clients HTTP/1.1" 304 - "http://localhost:4200/dashboard/invoices/5be68898c7c5e0409068f291" "Mozilla/5.0 (X11; Linux x86_64) AppleWebKit/537.36 (KHTML, like Gecko) Chrome/70.0.3538.77 Safari/537.36"
::1 - - [14/Nov/2018:18:29:45 +0000] "OPTIONS /api/invoices/5be68898c7c5e0409068f291 HTTP/1.1" 204 0 "-" "Mozilla/5.0 (X11; Linux x86_64) AppleWebKit/537.36 (KHTML, like Gecko) Chrome/70.0.3538.77 Safari/537.36"
::1 - - [14/Nov/2018:18:29:45 +0000] "GET /api/invoices/5be68898c7c5e0409068f291 HTTP/1.1" 304 - "http://localhost:4200/dashboard/invoices/5be68898c7c5e0409068f291" "Mozilla/5.0 (X11; Linux x86_64) AppleWebKit/537.36 (KHTML, like Gecko) Chrome/70.0.3538.77 Safari/537.36"
::1 - - [14/Nov/2018:18:29:45 +0000] "OPTIONS /api/clients HTTP/1.1" 204 0 "-" "Mozilla/5.0 (X11; Linux x86_64) AppleWebKit/537.36 (KHTML, like Gecko) Chrome/70.0.3538.77 Safari/537.36"
::1 - - [14/Nov/2018:18:29:47 +0000] "GET /api/clients HTTP/1.1" 304 - "http://localhost:4200/dashboard/invoices/5be68898c7c5e0409068f291" "Mozilla/5.0 (X11; Linux x86_64) AppleWebKit/537.36 (KHTML, like Gecko) Chrome/70.0.3538.77 Safari/537.36"
::1 - - [14/Nov/2018:18:30:03 +0000] "OPTIONS /api/invoices/5be68898c7c5e0409068f291 HTTP/1.1" 204 0 "-" "Mozilla/5.0 (X11; Linux x86_64) AppleWebKit/537.36 (KHTML, like Gecko) Chrome/70.0.3538.77 Safari/537.36"
::1 - - [14/Nov/2018:18:30:03 +0000] "GET /api/invoices/5be68898c7c5e0409068f291 HTTP/1.1" 304 - "http://localhost:4200/dashboard/invoices/5be68898c7c5e0409068f291" "Mozilla/5.0 (X11; Linux x86_64) AppleWebKit/537.36 (KHTML, like Gecko) Chrome/70.0.3538.77 Safari/537.36"
::1 - - [14/Nov/2018:18:30:03 +0000] "OPTIONS /api/clients HTTP/1.1" 204 0 "-" "Mozilla/5.0 (X11; Linux x86_64) AppleWebKit/537.36 (KHTML, like Gecko) Chrome/70.0.3538.77 Safari/537.36"
::1 - - [14/Nov/2018:18:30:05 +0000] "GET /api/clients HTTP/1.1" - - "http://localhost:4200/dashboard/invoices/5be68898c7c5e0409068f291" "Mozilla/5.0 (X11; Linux x86_64) AppleWebKit/537.36 (KHTML, like Gecko) Chrome/70.0.3538.77 Safari/537.36"
::1 - - [14/Nov/2018:18:30:08 +0000] "GET /api/invoices/5be68898c7c5e0409068f291 HTTP/1.1" 304 - "http://localhost:4200/dashboard/invoices/5be68898c7c5e0409068f291" "Mozilla/5.0 (X11; Linux x86_64) AppleWebKit/537.36 (KHTML, like Gecko) Chrome/70.0.3538.77 Safari/537.36"
::1 - - [14/Nov/2018:18:30:10 +0000] "GET /api/clients HTTP/1.1" 200 634 "http://localhost:4200/dashboard/invoices/5be68898c7c5e0409068f291" "Mozilla/5.0 (X11; Linux x86_64) AppleWebKit/537.36 (KHTML, like Gecko) Chrome/70.0.3538.77 Safari/537.36"
::1 - - [14/Nov/2018:18:30:20 +0000] "OPTIONS /api/invoices/5be68898c7c5e0409068f291 HTTP/1.1" 204 0 "-" "Mozilla/5.0 (X11; Linux x86_64) AppleWebKit/537.36 (KHTML, like Gecko) Chrome/70.0.3538.77 Safari/537.36"
::1 - - [14/Nov/2018:18:30:20 +0000] "GET /api/invoices/5be68898c7c5e0409068f291 HTTP/1.1" 304 - "http://localhost:4200/dashboard/invoices/5be68898c7c5e0409068f291" "Mozilla/5.0 (X11; Linux x86_64) AppleWebKit/537.36 (KHTML, like Gecko) Chrome/70.0.3538.77 Safari/537.36"
::1 - - [14/Nov/2018:18:30:21 +0000] "OPTIONS /api/clients HTTP/1.1" 204 0 "-" "Mozilla/5.0 (X11; Linux x86_64) AppleWebKit/537.36 (KHTML, like Gecko) Chrome/70.0.3538.77 Safari/537.36"
::1 - - [14/Nov/2018:18:30:23 +0000] "GET /api/clients HTTP/1.1" 304 - "http://localhost:4200/dashboard/invoices/5be68898c7c5e0409068f291" "Mozilla/5.0 (X11; Linux x86_64) AppleWebKit/537.36 (KHTML, like Gecko) Chrome/70.0.3538.77 Safari/537.36"
::1 - - [14/Nov/2018:18:30:32 +0000] "OPTIONS /api/invoices/5be68898c7c5e0409068f291 HTTP/1.1" 204 0 "-" "Mozilla/5.0 (X11; Linux x86_64) AppleWebKit/537.36 (KHTML, like Gecko) Chrome/70.0.3538.77 Safari/537.36"
::1 - - [14/Nov/2018:18:30:32 +0000] "GET /api/invoices/5be68898c7c5e0409068f291 HTTP/1.1" 304 - "http://localhost:4200/dashboard/invoices/5be68898c7c5e0409068f291" "Mozilla/5.0 (X11; Linux x86_64) AppleWebKit/537.36 (KHTML, like Gecko) Chrome/70.0.3538.77 Safari/537.36"
::1 - - [14/Nov/2018:18:30:32 +0000] "OPTIONS /api/clients HTTP/1.1" 204 0 "-" "Mozilla/5.0 (X11; Linux x86_64) AppleWebKit/537.36 (KHTML, like Gecko) Chrome/70.0.3538.77 Safari/537.36"
::1 - - [14/Nov/2018:18:30:34 +0000] "GET /api/clients HTTP/1.1" 304 - "http://localhost:4200/dashboard/invoices/5be68898c7c5e0409068f291" "Mozilla/5.0 (X11; Linux x86_64) AppleWebKit/537.36 (KHTML, like Gecko) Chrome/70.0.3538.77 Safari/537.36"
::1 - - [14/Nov/2018:18:31:23 +0000] "OPTIONS /api/invoices/5be68898c7c5e0409068f291 HTTP/1.1" 204 0 "-" "Mozilla/5.0 (X11; Linux x86_64) AppleWebKit/537.36 (KHTML, like Gecko) Chrome/70.0.3538.77 Safari/537.36"
::1 - - [14/Nov/2018:18:31:23 +0000] "GET /api/invoices/5be68898c7c5e0409068f291 HTTP/1.1" 304 - "http://localhost:4200/dashboard/invoices/5be68898c7c5e0409068f291" "Mozilla/5.0 (X11; Linux x86_64) AppleWebKit/537.36 (KHTML, like Gecko) Chrome/70.0.3538.77 Safari/537.36"
::1 - - [14/Nov/2018:18:31:23 +0000] "OPTIONS /api/clients HTTP/1.1" 204 0 "-" "Mozilla/5.0 (X11; Linux x86_64) AppleWebKit/537.36 (KHTML, like Gecko) Chrome/70.0.3538.77 Safari/537.36"
::1 - - [14/Nov/2018:18:31:25 +0000] "GET /api/clients HTTP/1.1" 304 - "http://localhost:4200/dashboard/invoices/5be68898c7c5e0409068f291" "Mozilla/5.0 (X11; Linux x86_64) AppleWebKit/537.36 (KHTML, like Gecko) Chrome/70.0.3538.77 Safari/537.36"
::1 - - [14/Nov/2018:18:32:04 +0000] "OPTIONS /api/invoices/5be68898c7c5e0409068f291 HTTP/1.1" 204 0 "-" "Mozilla/5.0 (X11; Linux x86_64) AppleWebKit/537.36 (KHTML, like Gecko) Chrome/70.0.3538.77 Safari/537.36"
::1 - - [14/Nov/2018:18:32:05 +0000] "GET /api/invoices/5be68898c7c5e0409068f291 HTTP/1.1" 304 - "http://localhost:4200/dashboard/invoices/5be68898c7c5e0409068f291" "Mozilla/5.0 (X11; Linux x86_64) AppleWebKit/537.36 (KHTML, like Gecko) Chrome/70.0.3538.77 Safari/537.36"
::1 - - [14/Nov/2018:18:32:05 +0000] "OPTIONS /api/clients HTTP/1.1" 204 0 "-" "Mozilla/5.0 (X11; Linux x86_64) AppleWebKit/537.36 (KHTML, like Gecko) Chrome/70.0.3538.77 Safari/537.36"
::1 - - [14/Nov/2018:18:32:07 +0000] "GET /api/clients HTTP/1.1" 304 - "http://localhost:4200/dashboard/invoices/5be68898c7c5e0409068f291" "Mozilla/5.0 (X11; Linux x86_64) AppleWebKit/537.36 (KHTML, like Gecko) Chrome/70.0.3538.77 Safari/537.36"
::1 - - [14/Nov/2018:18:32:11 +0000] "OPTIONS /api/invoices/5be68898c7c5e0409068f291 HTTP/1.1" 204 0 "-" "Mozilla/5.0 (X11; Linux x86_64) AppleWebKit/537.36 (KHTML, like Gecko) Chrome/70.0.3538.77 Safari/537.36"
::1 - - [14/Nov/2018:18:32:11 +0000] "GET /api/invoices/5be68898c7c5e0409068f291 HTTP/1.1" 304 - "http://localhost:4200/dashboard/invoices/5be68898c7c5e0409068f291" "Mozilla/5.0 (X11; Linux x86_64) AppleWebKit/537.36 (KHTML, like Gecko) Chrome/70.0.3538.77 Safari/537.36"
::1 - - [14/Nov/2018:18:32:11 +0000] "OPTIONS /api/clients HTTP/1.1" 204 0 "-" "Mozilla/5.0 (X11; Linux x86_64) AppleWebKit/537.36 (KHTML, like Gecko) Chrome/70.0.3538.77 Safari/537.36"
::1 - - [14/Nov/2018:18:32:13 +0000] "GET /api/clients HTTP/1.1" 304 - "http://localhost:4200/dashboard/invoices/5be68898c7c5e0409068f291" "Mozilla/5.0 (X11; Linux x86_64) AppleWebKit/537.36 (KHTML, like Gecko) Chrome/70.0.3538.77 Safari/537.36"
::1 - - [14/Nov/2018:18:32:24 +0000] "OPTIONS /api/invoices/5be68898c7c5e0409068f291 HTTP/1.1" 204 0 "-" "Mozilla/5.0 (X11; Linux x86_64) AppleWebKit/537.36 (KHTML, like Gecko) Chrome/70.0.3538.77 Safari/537.36"
::1 - - [14/Nov/2018:18:32:24 +0000] "GET /api/invoices/5be68898c7c5e0409068f291 HTTP/1.1" 304 - "http://localhost:4200/dashboard/invoices/5be68898c7c5e0409068f291" "Mozilla/5.0 (X11; Linux x86_64) AppleWebKit/537.36 (KHTML, like Gecko) Chrome/70.0.3538.77 Safari/537.36"
::1 - - [14/Nov/2018:18:32:24 +0000] "OPTIONS /api/clients HTTP/1.1" 204 0 "-" "Mozilla/5.0 (X11; Linux x86_64) AppleWebKit/537.36 (KHTML, like Gecko) Chrome/70.0.3538.77 Safari/537.36"
::1 - - [14/Nov/2018:18:32:26 +0000] "GET /api/clients HTTP/1.1" 304 - "http://localhost:4200/dashboard/invoices/5be68898c7c5e0409068f291" "Mozilla/5.0 (X11; Linux x86_64) AppleWebKit/537.36 (KHTML, like Gecko) Chrome/70.0.3538.77 Safari/537.36"
::1 - - [14/Nov/2018:18:36:43 +0000] "OPTIONS /api/users/login HTTP/1.1" 204 0 "-" "Mozilla/5.0 (X11; Linux x86_64) AppleWebKit/537.36 (KHTML, like Gecko) Chrome/70.0.3538.77 Safari/537.36"
::1 - - [14/Nov/2018:18:36:43 +0000] "POST /api/users/login HTTP/1.1" 200 199 "http://localhost:4200/login" "Mozilla/5.0 (X11; Linux x86_64) AppleWebKit/537.36 (KHTML, like Gecko) Chrome/70.0.3538.77 Safari/537.36"
::1 - - [14/Nov/2018:18:36:43 +0000] "OPTIONS /api/invoices/?page=1&perpage=10&sortField=undefined&sortDirection=&filter= HTTP/1.1" 204 0 "-" "Mozilla/5.0 (X11; Linux x86_64) AppleWebKit/537.36 (KHTML, like Gecko) Chrome/70.0.3538.77 Safari/537.36"
::1 - - [14/Nov/2018:18:36:43 +0000] "GET /api/invoices/?page=1&perpage=10&sortField=undefined&sortDirection=&filter= HTTP/1.1" 304 - "http://localhost:4200/dashboard/invoices" "Mozilla/5.0 (X11; Linux x86_64) AppleWebKit/537.36 (KHTML, like Gecko) Chrome/70.0.3538.77 Safari/537.36"
